e:\c++\diablo\diablo\debug\vc142.pdb
e:\c++\diablo\diablo\debug\vc142.idb
e:\c++\diablo\diablo\debug\stats.obj
e:\c++\diablo\diablo\debug\map.obj
e:\c++\diablo\diablo\debug\enemy.obj
e:\c++\diablo\diablo\debug\door.obj
e:\c++\diablo\diablo\debug\diablo.obj
e:\c++\diablo\diablo\debug\character.obj
e:\c++\diablo\diablo\debug\game.obj
e:\c++\diablo2\diablo\debug\vc142.pdb
e:\c++\diablo2\diablo\debug\vc142.idb
e:\c++\diablo2\diablo\debug\stats.obj
e:\c++\diablo2\diablo\debug\map.obj
e:\c++\diablo2\diablo\debug\game.obj
e:\c++\diablo2\diablo\debug\enemy.obj
e:\c++\diablo2\diablo\debug\door.obj
e:\c++\diablo2\diablo\debug\diablo.obj
e:\c++\diablo2\diablo\debug\character.obj
e:\c++\diablo2\diablo\debug\item.obj
e:\c++\diablo\debug\diablo.exe
e:\c++\diablo\diablo\debug\diablo.ilk
e:\c++\diablo\debug\diablo.pdb
e:\c++\diablo2\debug\diablo.exe
e:\c++\diablo2\diablo\debug\diablo.ilk
e:\c++\diablo2\debug\diablo.pdb
e:\c++\diablo2\diablo\debug\inventory.obj
e:\c++\diablo2\debug\diablo.ilk
e:\c++\diablo2\diablo\debug\diablo.tlog\cl.command.1.tlog
e:\c++\diablo2\diablo\debug\diablo.tlog\cl.read.1.tlog
e:\c++\diablo2\diablo\debug\diablo.tlog\cl.write.1.tlog
e:\c++\diablo2\diablo\debug\diablo.tlog\link.command.1.tlog
e:\c++\diablo2\diablo\debug\diablo.tlog\link.read.1.tlog
e:\c++\diablo2\diablo\debug\diablo.tlog\link.write.1.tlog
